CRITICAL - 2023-09-06 01:27:26 --> Undefined variable: token
in APPPATH\Views\header.php on line 93.
 1 APPPATH\Views\header.php(93): CodeIgniter\Debug\Exceptions->errorHandler(8, 'Undefined variable: token', 'C:\\xampp\\htdocs\\pc04project\\app\\Views\\header.php', 93, [])
 2 SYSTEMPATH\View\View.php(224): include('C:\\xampp\\htdocs\\pc04project\\app\\Views\\header.php')
 3 SYSTEMPATH\View\View.php(227): CodeIgniter\View\View->CodeIgniter\View\{closure}()
 4 SYSTEMPATH\Common.php(1180): CodeIgniter\View\View->render('header', [], true)
 5 APPPATH\Controllers\Frontend.php(9): view('header')
 6 SYSTEMPATH\CodeIgniter.php(932): App\Controllers\Frontend->home()
 7 SYSTEMPATH\CodeIgniter.php(497): CodeIgniter\CodeIgniter->runController(Object(App\Controllers\Frontend))
 8 SYSTEMPATH\CodeIgniter.php(366): CodeIgniter\CodeIgniter->handleRequest(null, Object(Config\Cache), false)
 9 FCPATH\index.php(67): CodeIgniter\CodeIgniter->run()
CRITICAL - 2023-09-06 01:28:04 --> syntax error, unexpected end of file
in APPPATH\Views\header.php on line 334.
 1 SYSTEMPATH\View\View.php(227): CodeIgniter\View\View->CodeIgniter\View\{closure}()
 2 SYSTEMPATH\Common.php(1180): CodeIgniter\View\View->render('header', [], true)
 3 APPPATH\Controllers\Frontend.php(9): view('header')
 4 SYSTEMPATH\CodeIgniter.php(932): App\Controllers\Frontend->home()
 5 SYSTEMPATH\CodeIgniter.php(497): CodeIgniter\CodeIgniter->runController(Object(App\Controllers\Frontend))
 6 SYSTEMPATH\CodeIgniter.php(366): CodeIgniter\CodeIgniter->handleRequest(null, Object(Config\Cache), false)
 7 FCPATH\index.php(67): CodeIgniter\CodeIgniter->run()
CRITICAL - 2023-09-06 01:28:16 --> syntax error, unexpected end of file
in APPPATH\Views\header.php on line 334.
 1 SYSTEMPATH\View\View.php(227): CodeIgniter\View\View->CodeIgniter\View\{closure}()
 2 SYSTEMPATH\Common.php(1180): CodeIgniter\View\View->render('header', [], true)
 3 APPPATH\Controllers\Frontend.php(9): view('header')
 4 SYSTEMPATH\CodeIgniter.php(932): App\Controllers\Frontend->home()
 5 SYSTEMPATH\CodeIgniter.php(497): CodeIgniter\CodeIgniter->runController(Object(App\Controllers\Frontend))
 6 SYSTEMPATH\CodeIgniter.php(366): CodeIgniter\CodeIgniter->handleRequest(null, Object(Config\Cache), false)
 7 FCPATH\index.php(67): CodeIgniter\CodeIgniter->run()
CRITICAL - 2023-09-06 01:28:18 --> syntax error, unexpected end of file
in APPPATH\Views\header.php on line 334.
 1 SYSTEMPATH\View\View.php(227): CodeIgniter\View\View->CodeIgniter\View\{closure}()
 2 SYSTEMPATH\Common.php(1180): CodeIgniter\View\View->render('header', [], true)
 3 APPPATH\Controllers\Frontend.php(9): view('header')
 4 SYSTEMPATH\CodeIgniter.php(932): App\Controllers\Frontend->home()
 5 SYSTEMPATH\CodeIgniter.php(497): CodeIgniter\CodeIgniter->runController(Object(App\Controllers\Frontend))
 6 SYSTEMPATH\CodeIgniter.php(366): CodeIgniter\CodeIgniter->handleRequest(null, Object(Config\Cache), false)
 7 FCPATH\index.php(67): CodeIgniter\CodeIgniter->run()
CRITICAL - 2023-09-06 01:30:15 --> syntax error, unexpected end of file
in APPPATH\Views\header.php on line 334.
 1 SYSTEMPATH\View\View.php(227): CodeIgniter\View\View->CodeIgniter\View\{closure}()
 2 SYSTEMPATH\Common.php(1180): CodeIgniter\View\View->render('header', [], true)
 3 APPPATH\Controllers\Frontend.php(9): view('header')
 4 SYSTEMPATH\CodeIgniter.php(932): App\Controllers\Frontend->home()
 5 SYSTEMPATH\CodeIgniter.php(497): CodeIgniter\CodeIgniter->runController(Object(App\Controllers\Frontend))
 6 SYSTEMPATH\CodeIgniter.php(366): CodeIgniter\CodeIgniter->handleRequest(null, Object(Config\Cache), false)
 7 FCPATH\index.php(67): CodeIgniter\CodeIgniter->run()
INFO - 2023-09-06 01:35:33 --> Session: Class initialized using 'CodeIgniter\Session\Handlers\FileHandler' driver.
INFO - 2023-09-06 02:02:31 --> Session: Class initialized using 'CodeIgniter\Session\Handlers\FileHandler' driver.
INFO - 2023-09-06 02:12:00 --> Session: Class initialized using 'CodeIgniter\Session\Handlers\FileHandler' driver.
INFO - 2023-09-06 02:12:01 --> Session: Class initialized using 'CodeIgniter\Session\Handlers\FileHandler' driver.
INFO - 2023-09-06 02:15:16 --> Session: Class initialized using 'CodeIgniter\Session\Handlers\FileHandler' driver.
INFO - 2023-09-06 02:16:18 --> Session: Class initialized using 'CodeIgniter\Session\Handlers\FileHandler' driver.
INFO - 2023-09-06 02:16:20 --> Session: Class initialized using 'CodeIgniter\Session\Handlers\FileHandler' driver.
CRITICAL - 2023-09-06 02:47:06 --> Call to undefined method CodeIgniter\HTTP\RedirectResponse::alert()
in APPPATH\Controllers\Login.php on line 61.
 1 SYSTEMPATH\CodeIgniter.php(932): App\Controllers\Login->register_submit()
 2 SYSTEMPATH\CodeIgniter.php(497): CodeIgniter\CodeIgniter->runController(Object(App\Controllers\Login))
 3 SYSTEMPATH\CodeIgniter.php(366): CodeIgniter\CodeIgniter->handleRequest(null, Object(Config\Cache), false)
 4 FCPATH\index.php(67): CodeIgniter\CodeIgniter->run()
